<?xml version="1.0" encoding="UTF-8" standalone="yes"?><!DOCTYPE report PUBLIC "-//JACOCO//DTD Report 1.1//EN" "report.dtd"><report name="Stock Market Simulator"><sessioninfo id="MacBook-Pro-Jakub.local-6f616ea3" start="1763317794436" dump="1763317794725"/><package name="com/stockmarket"><class name="com/stockmarket/Stock" sourcefilename="Stock.java"><method name="&lt;init&gt;" desc="(Ljava/lang/String;Ljava/lang/String;D)V" line="11"><counter type="INSTRUCTION" missed="0" covered="42"/><counter type="BRANCH" missed="2" covered="8"/><counter type="LINE" missed="0" covered="11"/><counter type="COMPLEXITY" missed="2" covered="4"/><counter type="METHOD" missed="0" covered="1"/></method><method name="getSymbol" desc="()Ljava/lang/String;" line="28"><counter type="INSTRUCTION" missed="0" covered="3"/><counter type="LINE" missed="0" covered="1"/><counter type="COMPLEXITY" missed="0" covered="1"/><counter type="METHOD" missed="0" covered="1"/></method><method name="getName" desc="()Ljava/lang/String;" line="32"><counter type="INSTRUCTION" missed="0" covered="3"/><counter type="LINE" missed="0" covered="1"/><counter type="COMPLEXITY" missed="0" covered="1"/><counter type="METHOD" missed="0" covered="1"/></method><method name="getInitialPrice" desc="()D" line="36"><counter type="INSTRUCTION" missed="0" covered="3"/><counter type="LINE" missed="0" covered="1"/><counter type="COMPLEXITY" missed="0" covered="1"/><counter type="METHOD" missed="0" covered="1"/></method><method name="equals" desc="(Ljava/lang/Object;)Z" line="41"><counter type="INSTRUCTION" missed="0" covered="20"/><counter type="BRANCH" missed="0" covered="4"/><counter type="LINE" missed="0" covered="3"/><counter type="COMPLEXITY" missed="0" covered="3"/><counter type="METHOD" missed="0" covered="1"/></method><method name="hashCode" desc="()I" line="48"><counter type="INSTRUCTION" missed="0" covered="10"/><counter type="LINE" missed="0" covered="1"/><counter type="COMPLEXITY" missed="0" covered="1"/><counter type="METHOD" missed="0" covered="1"/></method><method name="toString" desc="()Ljava/lang/String;" line="53"><counter type="INSTRUCTION" missed="0" covered="21"/><counter type="LINE" missed="0" covered="1"/><counter type="COMPLEXITY" missed="0" covered="1"/><counter type="METHOD" missed="0" covered="1"/></method><counter type="INSTRUCTION" missed="0" covered="102"/><counter type="BRANCH" missed="2" covered="12"/><counter type="LINE" missed="0" covered="19"/><counter type="COMPLEXITY" missed="2" covered="12"/><counter type="METHOD" missed="0" covered="7"/><counter type="CLASS" missed="0" covered="1"/></class><class name="com/stockmarket/Portfolio$StockHolding" sourcefilename="Portfolio.java"><method name="&lt;init&gt;" desc="(Lcom/stockmarket/Stock;I)V" line="14"><counter type="INSTRUCTION" missed="10" covered="13"/><counter type="BRANCH" missed="2" covered="2"/><counter type="LINE" missed="2" covered="6"/><counter type="COMPLEXITY" missed="2" covered="1"/><counter type="METHOD" missed="0" covered="1"/></method><counter type="INSTRUCTION" missed="10" covered="13"/><counter type="BRANCH" missed="2" covered="2"/><counter type="LINE" missed="2" covered="6"/><counter type="COMPLEXITY" missed="2" covered="1"/><counter type="METHOD" missed="0" covered="1"/><counter type="CLASS" missed="0" covered="1"/></class><class name="com/stockmarket/Portfolio" sourcefilename="Portfolio.java"><method name="&lt;init&gt;" desc="(D)V" line="27"><counter type="INSTRUCTION" missed="5" covered="17"/><counter type="BRANCH" missed="1" covered="1"/><counter type="LINE" missed="1" covered="6"/><counter type="COMPLEXITY" missed="1" covered="1"/><counter type="METHOD" missed="0" covered="1"/></method><method name="addStock" desc="(Lcom/stockmarket/Stock;I)I" line="37"><counter type="INSTRUCTION" missed="0" covered="71"/><counter type="BRANCH" missed="0" covered="10"/><counter type="LINE" missed="0" covered="10"/><counter type="COMPLEXITY" missed="0" covered="6"/><counter type="METHOD" missed="0" covered="1"/></method><method name="calculateStockValue" desc="()D" line="56"><counter type="INSTRUCTION" missed="0" covered="28"/><counter type="BRANCH" missed="0" covered="2"/><counter type="LINE" missed="0" covered="4"/><counter type="COMPLEXITY" missed="0" covered="2"/><counter type="METHOD" missed="0" covered="1"/></method><method name="calculateTotalValue" desc="()D" line="64"><counter type="INSTRUCTION" missed="0" covered="6"/><counter type="LINE" missed="0" covered="1"/><counter type="COMPLEXITY" missed="0" covered="1"/><counter type="METHOD" missed="0" covered="1"/></method><method name="getHoldingsCount" desc="()I" line="68"><counter type="INSTRUCTION" missed="0" covered="3"/><counter type="LINE" missed="0" covered="1"/><counter type="COMPLEXITY" missed="0" covered="1"/><counter type="METHOD" missed="0" covered="1"/></method><method name="getStockQuantity" desc="(Lcom/stockmarket/Stock;)I" line="72"><counter type="INSTRUCTION" missed="0" covered="24"/><counter type="BRANCH" missed="0" covered="4"/><counter type="LINE" missed="0" covered="4"/><counter type="COMPLEXITY" missed="0" covered="3"/><counter type="METHOD" missed="0" covered="1"/></method><method name="getCash" desc="()D" line="81"><counter type="INSTRUCTION" missed="0" covered="3"/><counter type="LINE" missed="0" covered="1"/><counter type="COMPLEXITY" missed="0" covered="1"/><counter type="METHOD" missed="0" covered="1"/></method><counter type="INSTRUCTION" missed="5" covered="152"/><counter type="BRANCH" missed="1" covered="17"/><counter type="LINE" missed="1" covered="27"/><counter type="COMPLEXITY" missed="1" covered="15"/><counter type="METHOD" missed="0" covered="7"/><counter type="CLASS" missed="0" covered="1"/></class><sourcefile name="Stock.java"><line nr="11" mi="0" ci="2" mb="0" cb="0"/><line nr="12" mi="0" ci="5" mb="1" cb="3"/><line nr="13" mi="0" ci="5" mb="0" cb="0"/><line nr="15" mi="0" ci="5" mb="1" cb="3"/><line nr="16" mi="0" ci="5" mb="0" cb="0"/><line nr="18" mi="0" ci="4" mb="0" cb="2"/><line nr="19" mi="0" ci="5" mb="0" cb="0"/><line nr="22" mi="0" ci="4" mb="0" cb="0"/><line nr="23" mi="0" ci="3" mb="0" cb="0"/><line nr="24" mi="0" ci="3" mb="0" cb="0"/><line nr="25" mi="0" ci="1" mb="0" cb="0"/><line nr="28" mi="0" ci="3" mb="0" cb="0"/><line nr="32" mi="0" ci="3" mb="0" cb="0"/><line nr="36" mi="0" ci="3" mb="0" cb="0"/><line nr="41" mi="0" ci="5" mb="0" cb="2"/><line nr="42" mi="0" ci="9" mb="0" cb="2"/><line nr="43" mi="0" ci="6" mb="0" cb="0"/><line nr="48" mi="0" ci="10" mb="0" cb="0"/><line nr="53" mi="0" ci="21" mb="0" cb="0"/><counter type="INSTRUCTION" missed="0" covered="102"/><counter type="BRANCH" missed="2" covered="12"/><counter type="LINE" missed="0" covered="19"/><counter type="COMPLEXITY" missed="2" covered="12"/><counter type="METHOD" missed="0" covered="7"/><counter type="CLASS" missed="0" covered="1"/></sourcefile><sourcefile name="Portfolio.java"><line nr="14" mi="0" ci="2" mb="0" cb="0"/><line nr="15" mi="0" ci="2" mb="1" cb="1"/><line nr="16" mi="5" ci="0" mb="0" cb="0"/><line nr="18" mi="0" ci="2" mb="1" cb="1"/><line nr="19" mi="5" ci="0" mb="0" cb="0"/><line nr="22" mi="0" ci="3" mb="0" cb="0"/><line nr="23" mi="0" ci="3" mb="0" cb="0"/><line nr="24" mi="0" ci="1" mb="0" cb="0"/><line nr="27" mi="0" ci="2" mb="0" cb="0"/><line nr="28" mi="0" ci="4" mb="1" cb="1"/><line nr="29" mi="5" ci="0" mb="0" cb="0"/><line nr="31" mi="0" ci="3" mb="0" cb="0"/><line nr="32" mi="0" ci="4" mb="0" cb="0"/><line nr="33" mi="0" ci="3" mb="0" cb="0"/><line nr="34" mi="0" ci="1" mb="0" cb="0"/><line nr="37" mi="0" ci="7" mb="0" cb="2"/><line nr="38" mi="0" ci="7" mb="0" cb="2"/><line nr="40" mi="0" ci="8" mb="0" cb="2"/><line nr="41" mi="0" ci="8" mb="0" cb="2"/><line nr="42" mi="0" ci="9" mb="0" cb="0"/><line nr="43" mi="0" ci="6" mb="0" cb="0"/><line nr="47" mi="0" ci="4" mb="0" cb="2"/><line nr="48" mi="0" ci="5" mb="0" cb="0"/><line nr="51" mi="0" ci="15" mb="0" cb="0"/><line nr="52" mi="0" ci="2" mb="0" cb="0"/><line nr="56" mi="0" ci="2" mb="0" cb="0"/><line nr="57" mi="0" ci="8" mb="0" cb="2"/><line nr="58" mi="0" ci="16" mb="0" cb="0"/><line nr="60" mi="0" ci="2" mb="0" cb="0"/><line nr="64" mi="0" ci="6" mb="0" cb="0"/><line nr="68" mi="0" ci="3" mb="0" cb="0"/><line nr="72" mi="0" ci="8" mb="0" cb="2"/><line nr="73" mi="0" ci="8" mb="0" cb="2"/><line nr="74" mi="0" ci="6" mb="0" cb="0"/><line nr="77" mi="0" ci="2" mb="0" cb="0"/><line nr="81" mi="0" ci="3" mb="0" cb="0"/><counter type="INSTRUCTION" missed="15" covered="165"/><counter type="BRANCH" missed="3" covered="19"/><counter type="LINE" missed="3" covered="33"/><counter type="COMPLEXITY" missed="3" covered="16"/><counter type="METHOD" missed="0" covered="8"/><counter type="CLASS" missed="0" covered="2"/></sourcefile><counter type="INSTRUCTION" missed="15" covered="267"/><counter type="BRANCH" missed="5" covered="31"/><counter type="LINE" missed="3" covered="52"/><counter type="COMPLEXITY" missed="5" covered="28"/><counter type="METHOD" missed="0" covered="15"/><counter type="CLASS" missed="0" covered="3"/></package><counter type="INSTRUCTION" missed="15" covered="267"/><counter type="BRANCH" missed="5" covered="31"/><counter type="LINE" missed="3" covered="52"/><counter type="COMPLEXITY" missed="5" covered="28"/><counter type="METHOD" missed="0" covered="15"/><counter type="CLASS" missed="0" covered="3"/></report>